<?xml version="1.0" encoding="utf-8"?><testsuites><testsuite name="pytest" errors="0" failures="0" skipped="0" tests="7" time="2.096" timestamp="2025-04-04T09:14:29.298062-03:00" hostname="docker-desktop"><testcase classname="cadastro_jogos.tests.test_instituicao.InstituicaoFormTestCase" name="test_criar_instituicao_cpf_cnpj_invalido" time="0.572" /><testcase classname="cadastro_jogos.tests.test_instituicao.InstituicaoFormTestCase" name="test_criar_instituicao_cpf_cnpj_valido" time="0.004" /><testcase classname="cadastro_jogos.tests.test_instituicao.InstituicaoFormTestCase" name="test_criar_instituicao_nao_pertence_a_regional" time="0.003" /><testcase classname="cadastro_jogos.tests.test_instituicao.InstituicaoFormTestCase" name="test_criar_instituicao_pertence_a_regional" time="0.004" /><testcase classname="cadastro_jogos.tests.test_instituicao.InstituicaoFormTestCase" name="test_editar_instituicao" time="0.005" /><testcase classname="cadastro_jogos.tests.test_instituicao.InstituicaoListTestCase" name="test_lista_instituicoes_para_usuario_autenticado" time="0.700" /><testcase classname="cadastro_jogos.tests.test_instituicao.InstituicaoListTestCase" name="test_redireciona_para_login_se_nao_autenticado" time="0.425" /></testsuite></testsuites>